[INFO] Scanning for projects...
[INFO] 
[INFO] -----------< com.digitalattendance:DigitalAttendenceSystem >------------
[INFO] Building DigitalAttendenceSystem 0.0.1-SNAPSHOT
[INFO]   from pom.xml
[INFO] --------------------------------[ jar ]---------------------------------
[INFO] 
[INFO] >>> spring-boot:4.0.1:run (default-cli) > test-compile @ DigitalAttendenceSystem >>>
[INFO] 
[INFO] --- resources:3.3.1:resources (default-resources) @ DigitalAttendenceSystem ---
[INFO] Copying 1 resource from src\main\resources to target\classes
[INFO] Copying 0 resource from src\main\resources to target\classes
[INFO] 
[INFO] --- compiler:3.14.1:compile (default-compile) @ DigitalAttendenceSystem ---
[INFO] Nothing to compile - all classes are up to date.
[INFO] 
[INFO] --- resources:3.3.1:testResources (default-testResources) @ DigitalAttendenceSystem ---
[INFO] skip non existing resourceDirectory D:\E\notes\sem 8\project\gyanu\FinalYearProject-master\src\test\resources
[INFO] 
[INFO] --- compiler:3.14.1:testCompile (default-testCompile) @ DigitalAttendenceSystem ---
[INFO] Nothing to compile - all classes are up to date.
[INFO] 
[INFO] <<< spring-boot:4.0.1:run (default-cli) < test-compile @ DigitalAttendenceSystem <<<
[INFO] 
[INFO] 
[INFO] --- spring-boot:4.0.1:run (default-cli) @ DigitalAttendenceSystem ---
[INFO] Attaching agents: []

  .   ____          _            __ _ _
 /\\ / ___'_ __ _ _(_)_ __  __ _ \ \ \ \
( ( )\___ | '_ | '_| | '_ \/ _` | \ \ \ \
 \\/  ___)| |_)| | | | | || (_| |  ) ) ) )
  '  |____| .__|_| |_|_| |_\__, | / / / /
 =========|_|==============|___/=/_/_/_/

 :: Spring Boot ::                (v4.0.1)

2026-02-27T22:28:33.885+05:45  INFO 19540 --- [  restartedMain] c.d.d.DigitalAttendenceSystemApplication : Starting DigitalAttendenceSystemApplication using Java 24.0.2 with PID 19540 (D:\E\notes\sem 8\project\gyanu\FinalYearProject-master\target\classes started by Dell in D:\E\notes\sem 8\project\gyanu\FinalYearProject-master)
2026-02-27T22:28:33.889+05:45  INFO 19540 --- [  restartedMain] c.d.d.DigitalAttendenceSystemApplication : No active profile set, falling back to 1 default profile: "default"
2026-02-27T22:28:33.945+05:45  INFO 19540 --- [  restartedMain] .e.DevToolsPropertyDefaultsPostProcessor : Devtools property defaults active! Set 'spring.devtools.add-properties' to 'false' to disable
2026-02-27T22:28:33.945+05:45  INFO 19540 --- [  restartedMain] .e.DevToolsPropertyDefaultsPostProcessor : For additional web related logging consider setting the 'logging.level.web' property to 'DEBUG'
2026-02-27T22:28:34.711+05:45  INFO 19540 --- [  restartedMain] .s.d.r.c.RepositoryConfigurationDelegate : Bootstrapping Spring Data JPA repositories in DEFAULT mode.
2026-02-27T22:28:34.798+05:45  INFO 19540 --- [  restartedMain] .s.d.r.c.RepositoryConfigurationDelegate : Finished Spring Data repository scanning in 79 ms. Found 14 JPA repository interfaces.
2026-02-27T22:28:35.319+05:45  INFO 19540 --- [  restartedMain] o.s.boot.tomcat.TomcatWebServer          : Tomcat initialized with port 0 (http)
2026-02-27T22:28:35.330+05:45  INFO 19540 --- [  restartedMain] o.apache.catalina.core.StandardService   : Starting service [Tomcat]
2026-02-27T22:28:35.330+05:45  INFO 19540 --- [  restartedMain] o.apache.catalina.core.StandardEngine    : Starting Servlet engine: [Apache Tomcat/11.0.15]
2026-02-27T22:28:35.363+05:45  INFO 19540 --- [  restartedMain] b.w.c.s.WebApplicationContextInitializer : Root WebApplicationContext: initialization completed in 1418 ms
2026-02-27T22:28:35.451+05:45  INFO 19540 --- [  restartedMain] org.hibernate.orm.jpa                    : HHH008540: Processing PersistenceUnitInfo [name: default]
2026-02-27T22:28:35.488+05:45  INFO 19540 --- [  restartedMain] org.hibernate.orm.core                   : HHH000001: Hibernate ORM core version 7.2.0.Final
2026-02-27T22:28:35.840+05:45  INFO 19540 --- [  restartedMain] o.s.o.j.p.SpringPersistenceUnitInfo      : No LoadTimeWeaver setup: ignoring JPA class transformer
2026-02-27T22:28:35.862+05:45  INFO 19540 --- [  restartedMain] com.zaxxer.hikari.HikariDataSource       : HikariPool-1 - Starting...
2026-02-27T22:28:36.208+05:45  INFO 19540 --- [  restartedMain] com.zaxxer.hikari.pool.HikariPool        : HikariPool-1 - Added connection com.mysql.cj.jdbc.ConnectionImpl@4612fbdf
2026-02-27T22:28:36.209+05:45  INFO 19540 --- [  restartedMain] com.zaxxer.hikari.HikariDataSource       : HikariPool-1 - Start completed.
2026-02-27T22:28:36.255+05:45  WARN 19540 --- [  restartedMain] org.hibernate.orm.deprecation            : HHH90000025: MySQLDialect does not need to be specified explicitly using 'hibernate.dialect' (remove the property setting and it will be selected by default)
2026-02-27T22:28:36.270+05:45  INFO 19540 --- [  restartedMain] org.hibernate.orm.connections.pooling    : HHH10001005: Database info:
	Database JDBC URL [jdbc:mysql://localhost:3306/digital_attendance?createDatabaseIfNotExist=true]
	Database driver: MySQL Connector/J
	Database dialect: MySQLDialect
	Database version: 8.0.39
	Default catalog/schema: digital_attendance/undefined
	Autocommit mode: undefined/unknown
	Isolation level: REPEATABLE_READ [default REPEATABLE_READ]
	JDBC fetch size: none
	Pool: DataSourceConnectionProvider
	Minimum pool size: undefined/unknown
	Maximum pool size: undefined/unknown
2026-02-27T22:28:37.177+05:45  INFO 19540 --- [  restartedMain] org.hibernate.orm.core                   : HHH000489: No JTA platform available (set 'hibernate.transaction.jta.platform' to enable JTA platform integration)
2026-02-27T22:28:37.256+05:45  INFO 19540 --- [  restartedMain] j.LocalContainerEntityManagerFactoryBean : Initialized JPA EntityManagerFactory for persistence unit 'default'
2026-02-27T22:28:37.365+05:45  INFO 19540 --- [  restartedMain] o.s.d.j.r.query.QueryEnhancerFactories   : Hibernate is in classpath; If applicable, HQL parser will be used.
===== GlobalExceptionHandler Initialized =====
2026-02-27T22:28:37.630+05:45  INFO 19540 --- [  restartedMain] r$InitializeUserDetailsManagerConfigurer : Global AuthenticationManager configured with UserDetailsService bean with name customUserDetailsService
2026-02-27T22:28:37.762+05:45  WARN 19540 --- [  restartedMain] JpaBaseConfiguration$JpaWebConfiguration : spring.jpa.open-in-view is enabled by default. Therefore, database queries may be performed during view rendering. Explicitly configure spring.jpa.open-in-view to disable this warning
2026-02-27T22:28:37.910+05:45 DEBUG 19540 --- [  restartedMain] o.s.s.web.DefaultSecurityFilterChain     : Will secure any request with filters: DisableEncodeUrlFilter, WebAsyncManagerIntegrationFilter, SecurityContextHolderFilter, HeaderWriterFilter, CorsFilter, LogoutFilter, JwtAuthFilter, RequestCacheAwareFilter, SecurityContextHolderAwareRequestFilter, AnonymousAuthenticationFilter, SessionManagementFilter, ExceptionTranslationFilter, AuthorizationFilter
2026-02-27T22:28:37.999+05:45 DEBUG 19540 --- [  restartedMain] s.w.s.m.m.a.RequestMappingHandlerMapping : 49 mappings in 'requestMappingHandlerMapping'
2026-02-27T22:28:38.018+05:45 DEBUG 19540 --- [  restartedMain] o.s.w.s.handler.SimpleUrlHandlerMapping  : Patterns [/webjars/**, /**] in 'resourceHandlerMapping'
2026-02-27T22:28:38.042+05:45 DEBUG 19540 --- [  restartedMain] s.w.s.m.m.a.RequestMappingHandlerAdapter : ControllerAdvice beans: 0 @ModelAttribute, 0 @InitBinder, 1 RequestBodyAdvice, 1 ResponseBodyAdvice
2026-02-27T22:28:38.075+05:45  WARN 19540 --- [  restartedMain] ion$DefaultTemplateResolverConfiguration : Cannot find template location: classpath:/templates/ (please add some templates, check your Thymeleaf configuration, or set spring.thymeleaf.check-template-location=false)
2026-02-27T22:28:38.095+05:45 DEBUG 19540 --- [  restartedMain] .m.m.a.ExceptionHandlerExceptionResolver : ControllerAdvice beans: 1 @ExceptionHandler, 1 ResponseBodyAdvice
2026-02-27T22:28:38.213+05:45  INFO 19540 --- [  restartedMain] o.s.boot.tomcat.TomcatWebServer          : Tomcat started on port 50433 (http) with context path '/'
2026-02-27T22:28:38.218+05:45  INFO 19540 --- [  restartedMain] c.d.d.DigitalAttendenceSystemApplication : Started DigitalAttendenceSystemApplication in 4.736 seconds (process running for 5.149)
===== DATA INITIALIZER STARTED =====
Hibernate: select r1_0.id,r1_0.code,r1_0.name,r1_0.status from role r1_0
Found 3 roles in database:
 - ID: 1, Code: 'ADM', Name: 'Admin'
 - ID: 2, Code: 'TEA', Name: 'Teacher'
 - ID: 3, Code: 'STD', Name: 'Student'
Hibernate: select r1_0.id,r1_0.code,r1_0.name,r1_0.status from role r1_0 where r1_0.code=?
FOUND ROLE: ADM
Hibernate: select r1_0.id,r1_0.code,r1_0.name,r1_0.status from role r1_0 where r1_0.code=?
FOUND ROLE: TEA
Hibernate: select r1_0.id,r1_0.code,r1_0.name,r1_0.status from role r1_0 where r1_0.code=?
FOUND ROLE: STD
Hibernate: select count(*) from semester s1_0
SEMESTERS ALREADY PRESENT, SKIPPING SEEDING.
===== DATA INITIALIZER FINISHED =====
